<?xml version="1.0" encoding="UTF-8"?>
<testsuite xmlns:xsi="http://www.w3.org/2001/XMLSchema-instance" xsi:noNamespaceSchemaLocation="https://maven.apache.org/surefire/maven-surefire-plugin/xsd/surefire-test-report-3.0.xsd" version="3.0" name="pdt.Thakare_Enterprises.ThakareEnterprisesApplicationTests" time="6.751" tests="1" errors="0" skipped="0" failures="0">
  <properties>
[...]
</properties>
  <testcase name="contextLoads" classname="pdt.Thakare_Enterprises.ThakareEnterprisesApplicationTests" time="0.66">
    <system-out><![CDATA[11:36:35.246 [main] INFO org.springframework.test.context.support.AnnotationConfigContextLoaderUtils -- Could not detect default configuration classes for test class [pdt.Thakare_Enterprises.ThakareEnterprisesApplicationTests]: ThakareEnterprisesApplicationTests does not declare any static, non-private, non-final, nested classes annotated with @Configuration.
11:36:35.380 [main] INFO org.springframework.boot.test.context.SpringBootTestContextBootstrapper -- Found @SpringBootConfiguration pdt.Thakare_Enterprises.ThakareEnterprisesApplication for test class pdt.Thakare_Enterprises.ThakareEnterprisesApplicationTests
11:36:35.619 [main] INFO org.springframework.boot.devtools.restart.RestartApplicationListener -- Restart disabled due to context in which it is running

  .   ____          _            __ _ _
 /\\ / ___'_ __ _ _(_)_ __  __ _ \ \ \ \
( ( )\___ | '_ | '_| | '_ \/ _` | \ \ \ \
 \\/  ___)| |_)| | | | | || (_| |  ) ) ) )
  '  |____| .__|_| |_|_| |_\__, | / / / /
 =========|_|==============|___/=/_/_/_/

 :: Spring Boot ::               (v3.3.10)

2025-04-01T11:36:35.957+05:30  INFO 24896 --- [Thakare_Enterprises] [           main] p.T.ThakareEnterprisesApplicationTests   : Starting ThakareEnterprisesApplicationTests using Java 17.0.8.1 with PID 24896 (started by pranav.thakare in C:\Users\pranav.thakare\Desktop\Authentication and authorization\Thakare_Enterprises\Thakare_Enterprises)
2025-04-01T11:36:35.960+05:30  INFO 24896 --- [Thakare_Enterprises] [           main] p.T.ThakareEnterprisesApplicationTests   : No active profile set, falling back to 1 default profile: "default"
2025-04-01T11:36:36.856+05:30  INFO 24896 --- [Thakare_Enterprises] [           main] .s.d.r.c.RepositoryConfigurationDelegate : Bootstrapping Spring Data JPA repositories in DEFAULT mode.
2025-04-01T11:36:36.945+05:30  INFO 24896 --- [Thakare_Enterprises] [           main] .s.d.r.c.RepositoryConfigurationDelegate : Finished Spring Data repository scanning in 77 ms. Found 1 JPA repository interface.
2025-04-01T11:36:37.494+05:30  INFO 24896 --- [Thakare_Enterprises] [           main] o.hibernate.jpa.internal.util.LogHelper  : HHH000204: Processing PersistenceUnitInfo [name: default]
2025-04-01T11:36:37.576+05:30  INFO 24896 --- [Thakare_Enterprises] [           main] org.hibernate.Version                    : HHH000412: Hibernate ORM core version 6.5.3.Final
2025-04-01T11:36:37.626+05:30  INFO 24896 --- [Thakare_Enterprises] [           main] o.h.c.internal.RegionFactoryInitiator    : HHH000026: Second-level cache disabled
2025-04-01T11:36:38.122+05:30  INFO 24896 --- [Thakare_Enterprises] [           main] o.s.o.j.p.SpringPersistenceUnitInfo      : No LoadTimeWeaver setup: ignoring JPA class transformer
2025-04-01T11:36:38.174+05:30  INFO 24896 --- [Thakare_Enterprises] [           main] com.zaxxer.hikari.HikariDataSource       : HikariPool-1 - Starting...
2025-04-01T11:36:38.561+05:30  INFO 24896 --- [Thakare_Enterprises] [           main] com.zaxxer.hikari.pool.HikariPool        : HikariPool-1 - Added connection org.postgresql.jdbc.PgConnection@5e158f33
2025-04-01T11:36:38.563+05:30  INFO 24896 --- [Thakare_Enterprises] [           main] com.zaxxer.hikari.HikariDataSource       : HikariPool-1 - Start completed.
2025-04-01T11:36:39.768+05:30  INFO 24896 --- [Thakare_Enterprises] [           main] o.h.e.t.j.p.i.JtaPlatformInitiator       : HHH000489: No JTA platform available (set 'hibernate.transaction.jta.platform' to enable JTA platform integration)
2025-04-01T11:36:39.811+05:30  INFO 24896 --- [Thakare_Enterprises] [           main] j.LocalContainerEntityManagerFactoryBean : Initialized JPA EntityManagerFactory for persistence unit 'default'
2025-04-01T11:36:40.366+05:30  WARN 24896 --- [Thakare_Enterprises] [           main] JpaBaseConfiguration$JpaWebConfiguration : spring.jpa.open-in-view is enabled by default. Therefore, database queries may be performed during view rendering. Explicitly configure spring.jpa.open-in-view to disable this warning
2025-04-01T11:36:40.878+05:30  WARN 24896 --- [Thakare_Enterprises] [           main] .s.s.UserDetailsServiceAutoConfiguration : 

Using generated security password: 692e2fc2-100f-4906-8937-e696bb9a1d46

This generated password is for development use only. Your security configuration must be updated before running your application in production.

2025-04-01T11:36:40.901+05:30  INFO 24896 --- [Thakare_Enterprises] [           main] r$InitializeUserDetailsManagerConfigurer : Global AuthenticationManager configured with UserDetailsService bean with name inMemoryUserDetailsManager
2025-04-01T11:36:41.118+05:30  INFO 24896 --- [Thakare_Enterprises] [           main] p.T.ThakareEnterprisesApplicationTests   : Started ThakareEnterprisesApplicationTests in 5.517 seconds (process running for 6.815)
]]></system-out>
  </testcase>
</testsuite>